[GIN-VUE-ADMIN]2021/01/14 - 11:28:50.350	[34minfo[0m	/Users/Patrick/workspace/products/focus/go-chains/initialize/gorm.go:62	register table success
[GIN-VUE-ADMIN]2021/01/14 - 11:28:50.352	[34minfo[0m	/Users/Patrick/workspace/products/focus/go-chains/initialize/router.go:20	use middleware logger
[GIN-VUE-ADMIN]2021/01/14 - 11:28:50.352	[34minfo[0m	/Users/Patrick/workspace/products/focus/go-chains/initialize/router.go:23	use middleware cors
[GIN-VUE-ADMIN]2021/01/14 - 11:28:50.353	[34minfo[0m	/Users/Patrick/workspace/products/focus/go-chains/initialize/router.go:25	register swagger handler
[GIN-VUE-ADMIN]2021/01/14 - 11:28:50.356	[34minfo[0m	/Users/Patrick/workspace/products/focus/go-chains/initialize/router.go:51	router register success
[GIN-VUE-ADMIN]2021/01/14 - 11:28:50.357	[34minfo[0m	/Users/Patrick/workspace/products/focus/go-chains/core/server.go:29	server run success on 	{"address": ":8888"}
[go-chains]2021/01/14 - 16:03:32.303	[34minfo[0m	/Users/Patrick/workspace/products/focus/go-chains/initialize/gorm.go:62	register table success
[go-chains]2021/01/14 - 16:03:32.308	[34minfo[0m	/Users/Patrick/workspace/products/focus/go-chains/initialize/router.go:20	use middleware logger
[go-chains]2021/01/14 - 16:03:32.309	[34minfo[0m	/Users/Patrick/workspace/products/focus/go-chains/initialize/router.go:23	use middleware cors
[go-chains]2021/01/14 - 16:03:32.309	[34minfo[0m	/Users/Patrick/workspace/products/focus/go-chains/initialize/router.go:25	register swagger handler
[go-chains]2021/01/14 - 16:03:32.310	[34minfo[0m	/Users/Patrick/workspace/products/focus/go-chains/initialize/router.go:51	router register success
[go-chains]2021/01/14 - 16:03:32.310	[34minfo[0m	/Users/Patrick/workspace/products/focus/go-chains/core/server.go:29	server run success on 	{"address": ":8888"}
[go-chains]2021/01/14 - 16:07:11.100	[34minfo[0m	/Users/Patrick/workspace/products/focus/go-chains/initialize/gorm.go:62	register table success
[go-chains]2021/01/14 - 16:07:11.102	[34minfo[0m	/Users/Patrick/workspace/products/focus/go-chains/initialize/router.go:21	use middleware logger
[go-chains]2021/01/14 - 16:07:11.102	[34minfo[0m	/Users/Patrick/workspace/products/focus/go-chains/initialize/router.go:24	use middleware cors
[go-chains]2021/01/14 - 16:07:11.105	[34minfo[0m	/Users/Patrick/workspace/products/focus/go-chains/initialize/router.go:26	register swagger handler
[go-chains]2021/01/14 - 16:07:11.136	[34minfo[0m	/Users/Patrick/workspace/products/focus/go-chains/initialize/router.go:57	router register success
[go-chains]2021/01/14 - 16:07:11.137	[34minfo[0m	/Users/Patrick/workspace/products/focus/go-chains/core/server.go:29	server run success on 	{"address": ":8888"}
[go-chains]2021/01/14 - 16:11:28.050	[34minfo[0m	/Users/Patrick/workspace/products/focus/go-chains/initialize/gorm.go:62	register table success
[go-chains]2021/01/14 - 16:11:28.052	[34minfo[0m	/Users/Patrick/workspace/products/focus/go-chains/initialize/router.go:21	use middleware logger
[go-chains]2021/01/14 - 16:11:28.052	[34minfo[0m	/Users/Patrick/workspace/products/focus/go-chains/initialize/router.go:24	use middleware cors
[go-chains]2021/01/14 - 16:11:28.052	[34minfo[0m	/Users/Patrick/workspace/products/focus/go-chains/initialize/router.go:26	register swagger handler
[go-chains]2021/01/14 - 16:11:28.054	[34minfo[0m	/Users/Patrick/workspace/products/focus/go-chains/initialize/router.go:57	router register success
[go-chains]2021/01/14 - 16:11:28.054	[34minfo[0m	/Users/Patrick/workspace/products/focus/go-chains/core/server.go:29	server run success on 	{"address": ":8888"}
[go-chains]2021/01/14 - 16:14:58.351	[34minfo[0m	/Users/Patrick/workspace/products/focus/go-chains/initialize/gorm.go:62	register table success
[go-chains]2021/01/14 - 16:14:58.352	[34minfo[0m	/Users/Patrick/workspace/products/focus/go-chains/initialize/router.go:20	use middleware logger
[go-chains]2021/01/14 - 16:14:58.352	[34minfo[0m	/Users/Patrick/workspace/products/focus/go-chains/initialize/router.go:23	use middleware cors
[go-chains]2021/01/14 - 16:14:58.352	[34minfo[0m	/Users/Patrick/workspace/products/focus/go-chains/initialize/router.go:25	register swagger handler
[go-chains]2021/01/14 - 16:14:58.354	[34minfo[0m	/Users/Patrick/workspace/products/focus/go-chains/initialize/router.go:56	router register success
[go-chains]2021/01/14 - 16:14:58.354	[34minfo[0m	/Users/Patrick/workspace/products/focus/go-chains/core/server.go:29	server run success on 	{"address": ":8888"}
[go-chains]2021/01/14 - 16:16:21.275	[34minfo[0m	/Users/Patrick/workspace/products/focus/go-chains/initialize/gorm.go:62	register table success
[go-chains]2021/01/14 - 16:16:21.277	[34minfo[0m	/Users/Patrick/workspace/products/focus/go-chains/initialize/router.go:21	use middleware logger
[go-chains]2021/01/14 - 16:16:21.277	[34minfo[0m	/Users/Patrick/workspace/products/focus/go-chains/initialize/router.go:24	use middleware cors
[go-chains]2021/01/14 - 16:16:21.278	[34minfo[0m	/Users/Patrick/workspace/products/focus/go-chains/initialize/router.go:26	register swagger handler
[go-chains]2021/01/14 - 16:16:21.279	[34minfo[0m	/Users/Patrick/workspace/products/focus/go-chains/initialize/router.go:57	router register success
[go-chains]2021/01/14 - 16:16:21.279	[34minfo[0m	/Users/Patrick/workspace/products/focus/go-chains/core/server.go:29	server run success on 	{"address": ":8888"}
