[go-chains]2021/01/28 - 10:41:12.796	[31merror[0m	/Users/Patrick/go/src/github.com/palettechain/gin-vue-admin/server/evm-server/initialize/gorm.go:85	MySQLå¯åŠ¨å¼‚å¸¸	{"err": "dial tcp [::1]:3306: connect: connection refused"}
[go-chains]2021/01/28 - 10:43:21.059	[34minfo[0m	/Users/Patrick/go/src/github.com/palettechain/gin-vue-admin/server/evm-server/initialize/gorm.go:64	register table success
[go-chains]2021/01/28 - 10:43:21.140	[34minfo[0m	/Users/Patrick/go/src/github.com/palettechain/gin-vue-admin/server/evm-server/chains/initializer/initializerChains.go:45	register blockchain tables success
[go-chains]2021/01/28 - 10:43:21.140	[34minfo[0m	/Users/Patrick/go/src/github.com/palettechain/gin-vue-admin/server/evm-server/initialize/router.go:21	use middleware logger
[go-chains]2021/01/28 - 10:43:21.140	[34minfo[0m	/Users/Patrick/go/src/github.com/palettechain/gin-vue-admin/server/evm-server/initialize/router.go:24	use middleware cors
[go-chains]2021/01/28 - 10:43:21.140	[34minfo[0m	/Users/Patrick/go/src/github.com/palettechain/gin-vue-admin/server/evm-server/initialize/router.go:26	register swagger handler
[go-chains]2021/01/28 - 10:43:21.142	[34minfo[0m	/Users/Patrick/go/src/github.com/palettechain/gin-vue-admin/server/evm-server/initialize/router.go:57	router register success
[go-chains]2021/01/28 - 10:43:21.142	[34minfo[0m	/Users/Patrick/go/src/github.com/palettechain/gin-vue-admin/server/evm-server/core/server.go:29	server run success on 	{"address": ":8889"}
[go-chains]2021/01/28 - 16:14:41.108	[34minfo[0m	/Users/Patrick/go/src/github.com/palettechain/gin-vue-admin/server/evm-server/initialize/gorm.go:64	register table success
[go-chains]2021/01/28 - 16:14:41.570	[34minfo[0m	/Users/Patrick/go/src/github.com/palettechain/gin-vue-admin/server/evm-server/chains/initializer/initializerChains.go:50	register blockchain tables success
[go-chains]2021/01/28 - 16:14:41.570	[34minfo[0m	/Users/Patrick/go/src/github.com/palettechain/gin-vue-admin/server/evm-server/initialize/router.go:21	use middleware logger
[go-chains]2021/01/28 - 16:14:41.570	[34minfo[0m	/Users/Patrick/go/src/github.com/palettechain/gin-vue-admin/server/evm-server/initialize/router.go:24	use middleware cors
[go-chains]2021/01/28 - 16:14:41.571	[34minfo[0m	/Users/Patrick/go/src/github.com/palettechain/gin-vue-admin/server/evm-server/initialize/router.go:26	register swagger handler
[go-chains]2021/01/28 - 16:14:41.573	[34minfo[0m	/Users/Patrick/go/src/github.com/palettechain/gin-vue-admin/server/evm-server/initialize/router.go:57	router register success
[go-chains]2021/01/28 - 16:14:41.573	[34minfo[0m	/Users/Patrick/go/src/github.com/palettechain/gin-vue-admin/server/evm-server/core/server.go:29	server run success on 	{"address": ":8889"}
[go-chains]2021/01/28 - 16:28:08.938	[31merror[0m	/Users/Patrick/go/src/github.com/palettechain/gin-vue-admin/server/evm-server/api/v1/sys_user.go:34	ç™»é™†å¤±è´¥! ç”¨æˆ·åä¸å­˜åœ¨æˆ–è€…å¯†ç é”™è¯¯	{"err": "record not found"}
[go-chains]2021/01/28 - 16:47:15.716	[34minfo[0m	/Users/Patrick/go/src/github.com/palettechain/gin-vue-admin/server/evm-server/initialize/gorm.go:64	register table success
[go-chains]2021/01/28 - 16:47:16.086	[34minfo[0m	/Users/Patrick/go/src/github.com/palettechain/gin-vue-admin/server/evm-server/chains/initializer/initializerChains.go:50	register blockchain tables success
[go-chains]2021/01/28 - 16:47:16.086	[34minfo[0m	/Users/Patrick/go/src/github.com/palettechain/gin-vue-admin/server/evm-server/initialize/router.go:21	use middleware logger
[go-chains]2021/01/28 - 16:47:16.086	[34minfo[0m	/Users/Patrick/go/src/github.com/palettechain/gin-vue-admin/server/evm-server/initialize/router.go:24	use middleware cors
[go-chains]2021/01/28 - 16:47:16.086	[34minfo[0m	/Users/Patrick/go/src/github.com/palettechain/gin-vue-admin/server/evm-server/initialize/router.go:26	register swagger handler
[go-chains]2021/01/28 - 16:47:16.088	[34minfo[0m	/Users/Patrick/go/src/github.com/palettechain/gin-vue-admin/server/evm-server/initialize/router.go:57	router register success
[go-chains]2021/01/28 - 16:47:16.088	[34minfo[0m	/Users/Patrick/go/src/github.com/palettechain/gin-vue-admin/server/evm-server/core/server.go:29	server run success on 	{"address": ":8889"}
[go-chains]2021/01/28 - 16:49:03.817	[34minfo[0m	/Users/Patrick/go/src/github.com/palettechain/gin-vue-admin/server/evm-server/initialize/gorm.go:64	register table success
[go-chains]2021/01/28 - 16:49:04.246	[34minfo[0m	/Users/Patrick/go/src/github.com/palettechain/gin-vue-admin/server/evm-server/chains/initializer/initializerChains.go:50	register blockchain tables success
[go-chains]2021/01/28 - 16:49:04.246	[34minfo[0m	/Users/Patrick/go/src/github.com/palettechain/gin-vue-admin/server/evm-server/initialize/router.go:21	use middleware logger
[go-chains]2021/01/28 - 16:49:04.246	[34minfo[0m	/Users/Patrick/go/src/github.com/palettechain/gin-vue-admin/server/evm-server/initialize/router.go:24	use middleware cors
[go-chains]2021/01/28 - 16:49:04.247	[34minfo[0m	/Users/Patrick/go/src/github.com/palettechain/gin-vue-admin/server/evm-server/initialize/router.go:26	register swagger handler
[go-chains]2021/01/28 - 16:49:04.248	[34minfo[0m	/Users/Patrick/go/src/github.com/palettechain/gin-vue-admin/server/evm-server/initialize/router.go:57	router register success
[go-chains]2021/01/28 - 16:49:04.248	[34minfo[0m	/Users/Patrick/go/src/github.com/palettechain/gin-vue-admin/server/evm-server/core/server.go:29	server run success on 	{"address": ":8889"}
[go-chains]2021/01/28 - 17:00:19.932	[34minfo[0m	/Users/Patrick/go/src/github.com/palettechain/gin-vue-admin/server/evm-server/initialize/gorm.go:64	register table success
[go-chains]2021/01/28 - 17:00:20.080	[34minfo[0m	/Users/Patrick/go/src/github.com/palettechain/gin-vue-admin/server/evm-server/chains/initializer/initializerChains.go:50	register blockchain tables success
[go-chains]2021/01/28 - 17:00:20.080	[34minfo[0m	/Users/Patrick/go/src/github.com/palettechain/gin-vue-admin/server/evm-server/initialize/router.go:21	use middleware logger
[go-chains]2021/01/28 - 17:00:20.080	[34minfo[0m	/Users/Patrick/go/src/github.com/palettechain/gin-vue-admin/server/evm-server/initialize/router.go:24	use middleware cors
[go-chains]2021/01/28 - 17:00:20.081	[34minfo[0m	/Users/Patrick/go/src/github.com/palettechain/gin-vue-admin/server/evm-server/initialize/router.go:26	register swagger handler
[go-chains]2021/01/28 - 17:00:20.082	[34minfo[0m	/Users/Patrick/go/src/github.com/palettechain/gin-vue-admin/server/evm-server/initialize/router.go:57	router register success
[go-chains]2021/01/28 - 17:00:20.082	[34minfo[0m	/Users/Patrick/go/src/github.com/palettechain/gin-vue-admin/server/evm-server/core/server.go:29	server run success on 	{"address": ":8889"}
[go-chains]2021/01/28 - 17:03:51.973	[34minfo[0m	/Users/Patrick/go/src/github.com/palettechain/gin-vue-admin/server/evm-server/initialize/gorm.go:64	register table success
[go-chains]2021/01/28 - 17:03:52.116	[34minfo[0m	/Users/Patrick/go/src/github.com/palettechain/gin-vue-admin/server/evm-server/chains/initializer/initializerChains.go:50	register blockchain tables success
[go-chains]2021/01/28 - 17:03:52.116	[34minfo[0m	/Users/Patrick/go/src/github.com/palettechain/gin-vue-admin/server/evm-server/initialize/router.go:21	use middleware logger
[go-chains]2021/01/28 - 17:03:52.116	[34minfo[0m	/Users/Patrick/go/src/github.com/palettechain/gin-vue-admin/server/evm-server/initialize/router.go:24	use middleware cors
[go-chains]2021/01/28 - 17:03:52.116	[34minfo[0m	/Users/Patrick/go/src/github.com/palettechain/gin-vue-admin/server/evm-server/initialize/router.go:26	register swagger handler
[go-chains]2021/01/28 - 17:03:52.118	[34minfo[0m	/Users/Patrick/go/src/github.com/palettechain/gin-vue-admin/server/evm-server/initialize/router.go:57	router register success
[go-chains]2021/01/28 - 17:03:52.118	[34minfo[0m	/Users/Patrick/go/src/github.com/palettechain/gin-vue-admin/server/evm-server/core/server.go:29	server run success on 	{"address": ":8889"}
[go-chains]2021/01/28 - 17:04:33.357	[34minfo[0m	/Users/Patrick/go/src/github.com/palettechain/gin-vue-admin/server/evm-server/initialize/gorm.go:64	register table success
[go-chains]2021/01/28 - 17:04:33.453	[34minfo[0m	/Users/Patrick/go/src/github.com/palettechain/gin-vue-admin/server/evm-server/chains/initializer/initializerChains.go:50	register blockchain tables success
[go-chains]2021/01/28 - 17:04:33.453	[34minfo[0m	/Users/Patrick/go/src/github.com/palettechain/gin-vue-admin/server/evm-server/initialize/router.go:21	use middleware logger
[go-chains]2021/01/28 - 17:04:33.453	[34minfo[0m	/Users/Patrick/go/src/github.com/palettechain/gin-vue-admin/server/evm-server/initialize/router.go:24	use middleware cors
[go-chains]2021/01/28 - 17:04:33.454	[34minfo[0m	/Users/Patrick/go/src/github.com/palettechain/gin-vue-admin/server/evm-server/initialize/router.go:26	register swagger handler
[go-chains]2021/01/28 - 17:04:33.455	[34minfo[0m	/Users/Patrick/go/src/github.com/palettechain/gin-vue-admin/server/evm-server/initialize/router.go:57	router register success
[go-chains]2021/01/28 - 17:04:33.455	[34minfo[0m	/Users/Patrick/go/src/github.com/palettechain/gin-vue-admin/server/evm-server/core/server.go:29	server run success on 	{"address": ":8889"}
[go-chains]2021/01/28 - 17:06:20.853	[34minfo[0m	/Users/Patrick/go/src/github.com/palettechain/gin-vue-admin/server/evm-server/initialize/gorm.go:64	register table success
[go-chains]2021/01/28 - 17:06:20.955	[34minfo[0m	/Users/Patrick/go/src/github.com/palettechain/gin-vue-admin/server/evm-server/chains/initializer/initializerChains.go:50	register blockchain tables success
[go-chains]2021/01/28 - 17:06:20.956	[34minfo[0m	/Users/Patrick/go/src/github.com/palettechain/gin-vue-admin/server/evm-server/initialize/router.go:21	use middleware logger
[go-chains]2021/01/28 - 17:06:20.956	[34minfo[0m	/Users/Patrick/go/src/github.com/palettechain/gin-vue-admin/server/evm-server/initialize/router.go:24	use middleware cors
[go-chains]2021/01/28 - 17:06:20.956	[34minfo[0m	/Users/Patrick/go/src/github.com/palettechain/gin-vue-admin/server/evm-server/initialize/router.go:26	register swagger handler
[go-chains]2021/01/28 - 17:06:20.958	[34minfo[0m	/Users/Patrick/go/src/github.com/palettechain/gin-vue-admin/server/evm-server/initialize/router.go:57	router register success
[go-chains]2021/01/28 - 17:06:20.958	[34minfo[0m	/Users/Patrick/go/src/github.com/palettechain/gin-vue-admin/server/evm-server/core/server.go:29	server run success on 	{"address": ":8889"}
